2025-04-30 17:06:45,371 - INFO - Scraping page 1: https://www.fda.gov/safety/recalls-market-withdrawals-safety-alerts
2025-04-30 17:06:45,399 - INFO - Extracting 10 rows from page 1
2025-04-30 17:06:45,760 - INFO - Scraping page 2...
2025-04-30 17:06:46,803 - INFO - Extracting 10 rows from page 2
2025-04-30 17:06:47,214 - INFO - Scraping page 3...
2025-04-30 17:06:47,745 - INFO - Extracting 10 rows from page 3
2025-04-30 17:06:48,153 - INFO - Scraping page 4...
2025-04-30 17:06:48,681 - INFO - Extracting 10 rows from page 4
2025-04-30 17:06:49,143 - INFO - Scraping page 5...
2025-04-30 17:06:50,218 - INFO - Extracting 10 rows from page 5
2025-04-30 17:06:50,782 - INFO - Scraping page 6...
2025-04-30 17:06:51,844 - INFO - Extracting 10 rows from page 6
2025-04-30 17:06:52,430 - INFO - Scraping page 7...
2025-04-30 17:06:53,495 - INFO - Extracting 10 rows from page 7
2025-04-30 17:06:54,078 - INFO - Scraping page 8...
2025-04-30 17:06:54,616 - INFO - Extracting 10 rows from page 8
2025-04-30 17:06:55,232 - INFO - Scraping page 9...
2025-04-30 17:06:56,291 - INFO - Extracting 10 rows from page 9
2025-04-30 17:06:56,908 - INFO - Scraping page 10...
2025-04-30 17:06:57,964 - INFO - Extracting 10 rows from page 10
2025-04-30 17:06:58,594 - INFO - Scraping page 11...
2025-04-30 17:06:59,654 - INFO - Extracting 10 rows from page 11
2025-04-30 17:07:00,238 - INFO - Scraping page 12...
2025-04-30 17:07:01,296 - INFO - Extracting 10 rows from page 12
2025-04-30 17:07:01,932 - INFO - Scraping page 13...
2025-04-30 17:07:02,473 - INFO - Extracting 10 rows from page 13
2025-04-30 17:07:03,121 - INFO - Scraping page 14...
2025-04-30 17:07:03,676 - INFO - Extracting 10 rows from page 14
2025-04-30 17:07:04,233 - INFO - Scraping page 15...
2025-04-30 17:07:05,287 - INFO - Extracting 10 rows from page 15
2025-04-30 17:07:05,902 - INFO - Scraping page 16...
2025-04-30 17:07:06,446 - INFO - Extracting 10 rows from page 16
2025-04-30 17:07:07,067 - INFO - Scraping page 17...
2025-04-30 17:07:08,124 - INFO - Extracting 10 rows from page 17
2025-04-30 17:07:08,746 - INFO - Scraping page 18...
2025-04-30 17:07:09,298 - INFO - Extracting 10 rows from page 18
2025-04-30 17:07:09,869 - INFO - Scraping page 19...
2025-04-30 17:07:10,933 - INFO - Extracting 10 rows from page 19
2025-04-30 17:07:11,500 - INFO - Scraping page 20...
2025-04-30 17:07:12,561 - INFO - Extracting 10 rows from page 20
2025-04-30 17:07:13,177 - INFO - Scraping page 21...
2025-04-30 17:07:14,235 - INFO - Extracting 10 rows from page 21
2025-04-30 17:07:14,832 - INFO - Scraping page 22...
2025-04-30 17:07:15,380 - INFO - Extracting 10 rows from page 22
2025-04-30 17:07:15,963 - INFO - Scraping page 23...
2025-04-30 17:07:17,026 - INFO - Extracting 10 rows from page 23
2025-04-30 17:07:17,573 - INFO - Scraping page 24...
2025-04-30 17:07:18,633 - INFO - Extracting 10 rows from page 24
2025-04-30 17:07:19,237 - INFO - Scraping page 25...
2025-04-30 17:07:20,296 - INFO - Extracting 10 rows from page 25
2025-04-30 17:07:20,933 - INFO - Scraping page 26...
2025-04-30 17:07:22,000 - INFO - Extracting 10 rows from page 26
2025-04-30 17:07:22,575 - INFO - Scraping page 27...
2025-04-30 17:07:23,118 - INFO - Extracting 10 rows from page 27
2025-04-30 17:07:23,730 - INFO - Scraping page 28...
2025-04-30 17:07:24,269 - INFO - Extracting 10 rows from page 28
2025-04-30 17:07:24,910 - INFO - Scraping page 29...
2025-04-30 17:07:25,968 - INFO - Extracting 10 rows from page 29
2025-04-30 17:07:26,618 - INFO - Scraping page 30...
2025-04-30 17:07:27,674 - INFO - Extracting 10 rows from page 30
2025-04-30 17:07:28,262 - INFO - Scraping page 31...
2025-04-30 17:07:28,818 - INFO - Extracting 10 rows from page 31
2025-04-30 17:07:29,442 - INFO - Scraping page 32...
2025-04-30 17:07:29,982 - INFO - Extracting 10 rows from page 32
2025-04-30 17:07:30,612 - INFO - Scraping page 33...
2025-04-30 17:07:31,164 - INFO - Extracting 10 rows from page 33
2025-04-30 17:07:31,739 - INFO - Scraping page 34...
2025-04-30 17:07:32,288 - INFO - Extracting 10 rows from page 34
2025-04-30 17:07:32,888 - INFO - Scraping page 35...
2025-04-30 17:07:33,947 - INFO - Extracting 10 rows from page 35
2025-04-30 17:07:34,566 - INFO - Scraping page 36...
2025-04-30 17:07:35,634 - INFO - Extracting 10 rows from page 36
2025-04-30 17:07:36,267 - INFO - Scraping page 37...
2025-04-30 17:07:36,822 - INFO - Extracting 10 rows from page 37
2025-04-30 17:07:37,413 - INFO - Scraping page 38...
2025-04-30 17:07:38,469 - INFO - Extracting 10 rows from page 38
2025-04-30 17:07:39,092 - INFO - Scraping page 39...
2025-04-30 17:07:40,147 - INFO - Extracting 10 rows from page 39
2025-04-30 17:07:40,746 - INFO - Scraping page 40...
2025-04-30 17:07:41,803 - INFO - Extracting 10 rows from page 40
2025-04-30 17:07:42,335 - INFO - Scraping page 41...
2025-04-30 17:07:42,870 - INFO - Extracting 10 rows from page 41
2025-04-30 17:07:43,424 - INFO - Scraping page 42...
2025-04-30 17:07:44,479 - INFO - Extracting 10 rows from page 42
2025-04-30 17:07:45,077 - INFO - Scraping page 43...
2025-04-30 17:07:46,140 - INFO - Extracting 10 rows from page 43
2025-04-30 17:07:46,752 - INFO - Scraping page 44...
2025-04-30 17:07:47,808 - INFO - Extracting 10 rows from page 44
2025-04-30 17:07:48,396 - INFO - Scraping page 45...
2025-04-30 17:07:49,462 - INFO - Extracting 10 rows from page 45
2025-04-30 17:07:50,085 - INFO - Scraping page 46...
2025-04-30 17:07:51,136 - INFO - Extracting 10 rows from page 46
2025-04-30 17:07:51,690 - INFO - Scraping page 47...
2025-04-30 17:07:52,754 - INFO - Extracting 10 rows from page 47
2025-04-30 17:07:53,327 - INFO - Scraping page 48...
2025-04-30 17:07:54,395 - INFO - Extracting 10 rows from page 48
2025-04-30 17:07:55,018 - INFO - Scraping page 49...
2025-04-30 17:07:56,090 - INFO - Extracting 10 rows from page 49
2025-04-30 17:07:56,626 - INFO - Scraping page 50...
2025-04-30 17:07:57,690 - INFO - Extracting 10 rows from page 50
2025-04-30 17:07:58,280 - INFO - Scraping page 51...
2025-04-30 17:07:59,351 - INFO - Extracting 10 rows from page 51
2025-04-30 17:07:59,938 - INFO - Scraping page 52...
2025-04-30 17:08:00,995 - INFO - Extracting 10 rows from page 52
2025-04-30 17:08:01,507 - INFO - Scraping page 53...
2025-04-30 17:08:02,564 - INFO - Extracting 10 rows from page 53
2025-04-30 17:08:03,160 - INFO - Scraping page 54...
2025-04-30 17:08:04,218 - INFO - Extracting 10 rows from page 54
2025-04-30 17:08:04,807 - INFO - Scraping page 55...
2025-04-30 17:08:05,876 - INFO - Extracting 10 rows from page 55
2025-04-30 17:08:06,438 - INFO - Scraping page 56...
2025-04-30 17:08:07,506 - INFO - Extracting 10 rows from page 56
2025-04-30 17:08:08,121 - INFO - Scraping page 57...
2025-04-30 17:08:09,186 - INFO - Extracting 10 rows from page 57
2025-04-30 17:08:09,689 - INFO - Scraping page 58...
2025-04-30 17:08:10,237 - INFO - Extracting 10 rows from page 58
2025-04-30 17:08:10,867 - INFO - Scraping page 59...
2025-04-30 17:08:11,929 - INFO - Extracting 10 rows from page 59
2025-04-30 17:08:12,422 - INFO - Scraping page 60...
2025-04-30 17:08:12,976 - INFO - Extracting 10 rows from page 60
2025-04-30 17:08:13,541 - INFO - Scraping page 61...
2025-04-30 17:08:14,603 - INFO - Extracting 10 rows from page 61
2025-04-30 17:08:15,166 - INFO - Scraping page 62...
2025-04-30 17:08:16,232 - INFO - Extracting 10 rows from page 62
2025-04-30 17:08:16,874 - INFO - Scraping page 63...
2025-04-30 17:08:17,941 - INFO - Extracting 10 rows from page 63
2025-04-30 17:08:18,426 - INFO - Scraping page 64...
2025-04-30 17:08:19,486 - INFO - Extracting 10 rows from page 64
2025-04-30 17:08:20,032 - INFO - Scraping page 65...
2025-04-30 17:08:20,578 - INFO - Extracting 10 rows from page 65
2025-04-30 17:08:21,174 - INFO - Scraping page 66...
2025-04-30 17:08:22,238 - INFO - Extracting 10 rows from page 66
2025-04-30 17:08:22,756 - INFO - Scraping page 67...
2025-04-30 17:08:23,297 - INFO - Extracting 10 rows from page 67
2025-04-30 17:08:23,784 - INFO - Scraping page 68...
2025-04-30 17:08:24,844 - INFO - Extracting 10 rows from page 68
2025-04-30 17:08:25,389 - INFO - Scraping page 69...
2025-04-30 17:08:25,932 - INFO - Extracting 10 rows from page 69
2025-04-30 17:08:26,401 - INFO - Scraping page 70...
2025-04-30 17:08:27,456 - INFO - Extracting 10 rows from page 70
2025-04-30 17:08:28,060 - INFO - Scraping page 71...
2025-04-30 17:08:29,121 - INFO - Extracting 10 rows from page 71
2025-04-30 17:08:29,654 - INFO - Scraping page 72...
2025-04-30 17:08:30,726 - INFO - Extracting 10 rows from page 72
2025-04-30 17:08:31,268 - INFO - Scraping page 73...
2025-04-30 17:08:32,333 - INFO - Extracting 10 rows from page 73
2025-04-30 17:08:32,923 - INFO - Scraping page 74...
2025-04-30 17:08:33,461 - INFO - Extracting 10 rows from page 74
2025-04-30 17:08:34,069 - INFO - Scraping page 75...
2025-04-30 17:08:35,122 - INFO - Extracting 10 rows from page 75
2025-04-30 17:08:35,704 - INFO - Scraping page 76...
2025-04-30 17:08:36,758 - INFO - Extracting 10 rows from page 76
2025-04-30 17:08:37,376 - INFO - Scraping page 77...
2025-04-30 17:08:38,456 - INFO - Extracting 10 rows from page 77
2025-04-30 17:08:39,059 - INFO - Scraping page 78...
2025-04-30 17:08:39,602 - INFO - Extracting 10 rows from page 78
2025-04-30 17:08:40,176 - INFO - Scraping page 79...
2025-04-30 17:08:41,222 - INFO - Extracting 10 rows from page 79
2025-04-30 17:08:41,791 - INFO - Scraping page 80...
2025-04-30 17:08:42,841 - INFO - Extracting 10 rows from page 80
2025-04-30 17:08:43,165 - INFO - Scraping page 81...
2025-04-30 17:08:44,205 - INFO - Extracting 10 rows from page 81
2025-04-30 17:08:44,538 - INFO - Scraping page 82...
2025-04-30 17:08:45,573 - INFO - Extracting 10 rows from page 82
2025-04-30 17:08:45,890 - INFO - Scraping page 83...
2025-04-30 17:08:46,929 - INFO - Extracting 10 rows from page 83
2025-04-30 17:08:47,254 - INFO - Scraping page 84...
2025-04-30 17:08:48,289 - INFO - Extracting 10 rows from page 84
2025-04-30 17:08:48,607 - INFO - Scraping page 85...
2025-04-30 17:08:49,640 - INFO - Extracting 10 rows from page 85
2025-04-30 17:08:49,965 - INFO - Scraping page 86...
2025-04-30 17:08:51,009 - INFO - Extracting 10 rows from page 86
2025-04-30 17:08:51,325 - INFO - Scraping page 87...
2025-04-30 17:08:52,369 - INFO - Extracting 10 rows from page 87
2025-04-30 17:08:52,684 - INFO - Scraping page 88...
2025-04-30 17:08:53,720 - INFO - Extracting 10 rows from page 88
2025-04-30 17:08:54,032 - INFO - Scraping page 89...
2025-04-30 17:08:55,072 - INFO - Extracting 10 rows from page 89
2025-04-30 17:08:55,387 - INFO - Scraping page 90...
2025-04-30 17:08:55,914 - INFO - Extracting 10 rows from page 90
2025-04-30 17:08:56,244 - INFO - Scraping page 91...
2025-04-30 17:08:56,770 - INFO - Extracting 10 rows from page 91
2025-04-30 17:08:57,090 - INFO - Scraping page 92...
2025-04-30 17:08:58,128 - INFO - Extracting 10 rows from page 92
2025-04-30 17:08:58,457 - INFO - Scraping page 93...
2025-04-30 17:08:59,497 - INFO - Extracting 10 rows from page 93
2025-04-30 17:08:59,813 - INFO - Scraping page 94...
2025-04-30 17:09:00,853 - INFO - Extracting 10 rows from page 94
2025-04-30 17:09:01,159 - INFO - Scraping page 95...
2025-04-30 17:09:02,200 - INFO - Extracting 10 rows from page 95
2025-04-30 17:09:02,501 - INFO - Scraping page 96...
2025-04-30 17:09:03,538 - INFO - Extracting 1 rows from page 96
2025-04-30 17:09:03,580 - INFO - No more pages to scrape.
2025-04-30 17:09:03,604 - INFO - Data saved to C:\Users\pedro\Trabajos\food_health_alerts\data\fda_alerts.csv with 951 records.
2025-04-30 17:09:03,606 - INFO - Data also saved to C:\Users\pedro\Trabajos\food_health_alerts\data\scraps\fda_alerts_20250430.csv
2025-04-30 17:09:05,916 - INFO - Browser closed.
